<!DOCTYPE html>
<html>
<head>
<meta http-equiv="Content-Type" content="text/html; charset=utf-8"/>
<meta http-equiv="x-ua-compatible" content="IE=edge"/>
<title>Test results - AplicationProgrammingInterfaceNttdataApplicationTests</title>
<link href="../css/base-style.css" rel="stylesheet" type="text/css"/>
<link href="../css/style.css" rel="stylesheet" type="text/css"/>
<script src="../js/report.js" type="text/javascript"></script>
</head>
<body>
<div id="content">
<h1>AplicationProgrammingInterfaceNttdataApplicationTests</h1>
<div class="breadcrumbs">
<a href="../index.html">all</a> &gt; 
<a href="../packages/aplication.programming.nttdata.html">aplication.programming.nttdata</a> &gt; AplicationProgrammingInterfaceNttdataApplicationTests</div>
<div id="summary">
<table>
<tr>
<td>
<div class="summaryGroup">
<table>
<tr>
<td>
<div class="infoBox" id="tests">
<div class="counter">1</div>
<p>tests</p>
</div>
</td>
<td>
<div class="infoBox" id="failures">
<div class="counter">0</div>
<p>failures</p>
</div>
</td>
<td>
<div class="infoBox" id="ignored">
<div class="counter">0</div>
<p>ignored</p>
</div>
</td>
<td>
<div class="infoBox" id="duration">
<div class="counter">0.576s</div>
<p>duration</p>
</div>
</td>
</tr>
</table>
</div>
</td>
<td>
<div class="infoBox success" id="successRate">
<div class="percent">100%</div>
<p>successful</p>
</div>
</td>
</tr>
</table>
</div>
<div id="tabs">
<ul class="tabLinks">
<li>
<a href="#tab0">Tests</a>
</li>
<li>
<a href="#tab1">Standard output</a>
</li>
<li>
<a href="#tab2">Standard error</a>
</li>
</ul>
<div id="tab0" class="tab">
<h2>Tests</h2>
<table>
<thead>
<tr>
<th>Test</th>
<th>Duration</th>
<th>Result</th>
</tr>
</thead>
<tr>
<td class="success">contextLoads()</td>
<td class="success">0.576s</td>
<td class="success">passed</td>
</tr>
</table>
</div>
<div id="tab1" class="tab">
<h2>Standard output</h2>
<span class="code">
<pre>13:46:55.088 [Test worker] DEBUG org.springframework.test.context.BootstrapUtils - Instantiating CacheAwareContextLoaderDelegate from class [org.springframework.test.context.cache.DefaultCacheAwareContextLoaderDelegate]
13:46:55.122 [Test worker] DEBUG org.springframework.test.context.BootstrapUtils - Instantiating BootstrapContext using constructor [public org.springframework.test.context.support.DefaultBootstrapContext(java.lang.Class,org.springframework.test.context.CacheAwareContextLoaderDelegate)]
13:46:55.217 [Test worker] DEBUG org.springframework.test.context.BootstrapUtils - Instantiating TestContextBootstrapper for test class [aplication.programming.nttdata.AplicationProgrammingInterfaceNttdataApplicationTests] from class [org.springframework.boot.test.context.SpringBootTestContextBootstrapper]
13:46:55.242 [Test worker] INFO org.springframework.boot.test.context.SpringBootTestContextBootstrapper - Neither @ContextConfiguration nor @ContextHierarchy found for test class [aplication.programming.nttdata.AplicationProgrammingInterfaceNttdataApplicationTests], using SpringBootContextLoader
13:46:55.253 [Test worker] DEBUG org.springframework.test.context.support.AbstractContextLoader - Did not detect default resource location for test class [aplication.programming.nttdata.AplicationProgrammingInterfaceNttdataApplicationTests]: class path resource [aplication/programming/nttdata/AplicationProgrammingInterfaceNttdataApplicationTests-context.xml] does not exist
13:46:55.254 [Test worker] DEBUG org.springframework.test.context.support.AbstractContextLoader - Did not detect default resource location for test class [aplication.programming.nttdata.AplicationProgrammingInterfaceNttdataApplicationTests]: class path resource [aplication/programming/nttdata/AplicationProgrammingInterfaceNttdataApplicationTestsContext.groovy] does not exist
13:46:55.254 [Test worker] INFO org.springframework.test.context.support.AbstractContextLoader - Could not detect default resource locations for test class [aplication.programming.nttdata.AplicationProgrammingInterfaceNttdataApplicationTests]: no resource found for suffixes {-context.xml, Context.groovy}.
13:46:55.256 [Test worker] INFO org.springframework.test.context.support.AnnotationConfigContextLoaderUtils - Could not detect default configuration classes for test class [aplication.programming.nttdata.AplicationProgrammingInterfaceNttdataApplicationTests]: AplicationProgrammingInterfaceNttdataApplicationTests does not declare any static, non-private, non-final, nested classes annotated with @Configuration.
13:46:55.361 [Test worker] DEBUG org.springframework.test.context.support.ActiveProfilesUtils - Could not find an 'annotation declaring class' for annotation type [org.springframework.test.context.ActiveProfiles] and class [aplication.programming.nttdata.AplicationProgrammingInterfaceNttdataApplicationTests]
13:46:55.525 [Test worker] DEBUG org.springframework.context.annotation.ClassPathScanningCandidateComponentProvider - Identified candidate component class: file [C:\Users\KERKRIS\Desktop\aplication-programming-interface-nttdata-main\build\classes\java\main\aplication\programming\nttdata\AplicationProgrammingInterfaceNttdataApplication.class]
13:46:55.527 [Test worker] INFO org.springframework.boot.test.context.SpringBootTestContextBootstrapper - Found @SpringBootConfiguration aplication.programming.nttdata.AplicationProgrammingInterfaceNttdataApplication for test class aplication.programming.nttdata.AplicationProgrammingInterfaceNttdataApplicationTests
13:46:55.821 [Test worker] DEBUG org.springframework.boot.test.context.SpringBootTestContextBootstrapper - @TestExecutionListeners is not present for class [aplication.programming.nttdata.AplicationProgrammingInterfaceNttdataApplicationTests]: using defaults.
13:46:55.822 [Test worker] INFO org.springframework.boot.test.context.SpringBootTestContextBootstrapper - Loaded default TestExecutionListener class names from location [META-INF/spring.factories]: [org.springframework.boot.test.autoconfigure.restdocs.RestDocsTestExecutionListener, org.springframework.boot.test.autoconfigure.web.client.MockRestServiceServerResetTestExecutionListener, org.springframework.boot.test.autoconfigure.web.servlet.MockMvcPrintOnlyOnFailureTestExecutionListener, org.springframework.boot.test.autoconfigure.web.servlet.WebDriverTestExecutionListener, org.springframework.boot.test.autoconfigure.webservices.client.MockWebServiceServerTestExecutionListener, org.springframework.boot.test.mock.mockito.MockitoTestExecutionListener, org.springframework.boot.test.mock.mockito.ResetMocksTestExecutionListener, org.springframework.test.context.web.ServletTestExecutionListener, org.springframework.test.context.support.DirtiesContextBeforeModesTestExecutionListener, org.springframework.test.context.event.ApplicationEventsTestExecutionListener, org.springframework.test.context.support.DependencyInjectionTestExecutionListener, org.springframework.test.context.support.DirtiesContextTestExecutionListener, org.springframework.test.context.transaction.TransactionalTestExecutionListener, org.springframework.test.context.jdbc.SqlScriptsTestExecutionListener, org.springframework.test.context.event.EventPublishingTestExecutionListener]
13:46:55.871 [Test worker] INFO org.springframework.boot.test.context.SpringBootTestContextBootstrapper - Using TestExecutionListeners: [org.springframework.test.context.web.ServletTestExecutionListener@410f1452, org.springframework.test.context.support.DirtiesContextBeforeModesTestExecutionListener@463a1f47, org.springframework.test.context.event.ApplicationEventsTestExecutionListener@23ade612, org.springframework.boot.test.mock.mockito.MockitoTestExecutionListener@47224d5d, org.springframework.boot.test.autoconfigure.SpringBootDependencyInjectionTestExecutionListener@7e366c6f, org.springframework.test.context.support.DirtiesContextTestExecutionListener@68e094c9, org.springframework.test.context.transaction.TransactionalTestExecutionListener@243162b1, org.springframework.test.context.jdbc.SqlScriptsTestExecutionListener@712c9bcf, org.springframework.test.context.event.EventPublishingTestExecutionListener@3c34c491, org.springframework.boot.test.autoconfigure.restdocs.RestDocsTestExecutionListener@509e4902, org.springframework.boot.test.autoconfigure.web.client.MockRestServiceServerResetTestExecutionListener@7f958d4a, org.springframework.boot.test.autoconfigure.web.servlet.MockMvcPrintOnlyOnFailureTestExecutionListener@6af29394, org.springframework.boot.test.autoconfigure.web.servlet.WebDriverTestExecutionListener@70f8d217, org.springframework.boot.test.autoconfigure.webservices.client.MockWebServiceServerTestExecutionListener@528c4353, org.springframework.boot.test.mock.mockito.ResetMocksTestExecutionListener@1a06b95]
13:46:55.879 [Test worker] DEBUG org.springframework.test.context.support.AbstractDirtiesContextTestExecutionListener - Before test class: context [DefaultTestContext@2087c939 testClass = AplicationProgrammingInterfaceNttdataApplicationTests, testInstance = [null], testMethod = [null], testException = [null], mergedContextConfiguration = [WebMergedContextConfiguration@6c3a7b84 testClass = AplicationProgrammingInterfaceNttdataApplicationTests, locations = '{}', classes = '{class aplication.programming.nttdata.AplicationProgrammingInterfaceNttdataApplication}', contextInitializerClasses = '[]', activeProfiles = '{}', propertySourceLocations = '{}', propertySourceProperties = '{org.springframework.boot.test.context.SpringBootTestContextBootstrapper=true}', contextCustomizers = set[org.springframework.boot.test.autoconfigure.actuate.metrics.MetricsExportContextCustomizerFactory$DisableMetricExportContextCustomizer@56d822dc, org.springframework.boot.test.autoconfigure.properties.PropertyMappingContextCustomizer@0, org.springframework.boot.test.autoconfigure.web.servlet.WebDriverContextCustomizerFactory$Customizer@1a0d313, org.springframework.boot.test.context.filter.ExcludeFilterContextCustomizer@2f60cbf2, org.springframework.boot.test.json.DuplicateJsonObjectContextCustomizerFactory$DuplicateJsonObjectContextCustomizer@6785c9fa, org.springframework.boot.test.mock.mockito.MockitoContextCustomizer@0, org.springframework.boot.test.web.client.TestRestTemplateContextCustomizer@7657d90b, org.springframework.boot.test.web.reactive.server.WebTestClientContextCustomizer@11574592, org.springframework.boot.test.context.SpringBootTestArgs@1, org.springframework.boot.test.context.SpringBootTestWebEnvironment@33899f7a], resourceBasePath = 'src/main/webapp', contextLoader = 'org.springframework.boot.test.context.SpringBootContextLoader', parent = [null]], attributes = map['org.springframework.test.context.web.ServletTestExecutionListener.activateListener' -&gt; true]], class annotated with @DirtiesContext [false] with mode [null].

  .   ____          _            __ _ _
 /\\ / ___'_ __ _ _(_)_ __  __ _ \ \ \ \
( ( )\___ | '_ | '_| | '_ \/ _` | \ \ \ \
 \\/  ___)| |_)| | | | | || (_| |  ) ) ) )
  '  |____| .__|_| |_|_| |_\__, | / / / /
 =========|_|==============|___/=/_/_/_/
 :: Spring Boot ::                (v2.7.1)

2023-04-30 13:46:56.502  INFO 11060 --- [    Test worker] grammingInterfaceNttdataApplicationTests : Starting AplicationProgrammingInterfaceNttdataApplicationTests using Java 11.0.15 on DESKTOP-18N9LTL with PID 11060 (started by KERKRIS in C:\Users\KERKRIS\Desktop\aplication-programming-interface-nttdata-main)
2023-04-30 13:46:56.504  INFO 11060 --- [    Test worker] grammingInterfaceNttdataApplicationTests : No active profile set, falling back to 1 default profile: &quot;default&quot;
2023-04-30 13:46:58.075  INFO 11060 --- [    Test worker] .s.d.r.c.RepositoryConfigurationDelegate : Bootstrapping Spring Data R2DBC repositories in DEFAULT mode.
2023-04-30 13:46:58.443  INFO 11060 --- [    Test worker] .s.d.r.c.RepositoryConfigurationDelegate : Finished Spring Data repository scanning in 357 ms. Found 3 R2DBC repository interfaces.
2023-04-30 13:46:59.209  INFO 11060 --- [    Test worker] a.p.n.c.h.CustomGlobalExceptionHandler   : Initializing error resolver
2023-04-30 13:47:01.997  INFO 11060 --- [    Test worker] o.s.b.a.e.web.EndpointLinksResolver      : Exposing 1 endpoint(s) beneath base path '/actuator'
2023-04-30 13:47:02.051  INFO 11060 --- [    Test worker] grammingInterfaceNttdataApplicationTests : Started AplicationProgrammingInterfaceNttdataApplicationTests in 6.093 seconds (JVM running for 8.875)
</pre>
</span>
</div>
<div id="tab2" class="tab">
<h2>Standard error</h2>
<span class="code">
<pre>[2023.04.30 13:46:56] (Coverage): Error during class instrumentation: org.springframework.boot.logging.log4j2.Log4J2LoggingSystem: java.lang.RuntimeException: java.io.IOException: Class org/apache/logging/log4j/core/config/composite/CompositeConfiguration not found
</pre>
</span>
</div>
</div>
<div id="footer">
<p>
<div>
<label class="hidden" id="label-for-line-wrapping-toggle" for="line-wrapping-toggle">Wrap lines
<input id="line-wrapping-toggle" type="checkbox" autocomplete="off"/>
</label>
</div>Generated by 
<a href="http://www.gradle.org">Gradle 7.4.1</a> at 30 abr. 2023 13:47:04</p>
</div>
</div>
</body>
</html>
